Analysis & Synthesis report for bomb_game
Wed Jun 17 15:00:37 2026
Quartus Prime Version 20.1.1 Build 720 11/11/2020 SJ Lite Edition


---------------------
; Table of Contents ;
---------------------
  1. Legal Notice
  2. Analysis & Synthesis Summary
  3. Analysis & Synthesis Settings
  4. Parallel Compilation
  5. Analysis & Synthesis Messages



----------------
; Legal Notice ;
----------------
Copyright (C) 2020  Intel Corporation. All rights reserved.
Your use of Intel Corporation's design tools, logic functions 
and other software and tools, and any partner logic 
functions, and any output files from any of the foregoing 
(including device programming or simulation files), and any 
associated documentation or information are expressly subject 
to the terms and conditions of the Intel Program License 
Subscription Agreement, the Intel Quartus Prime License Agreement,
the Intel FPGA IP License Agreement, or other applicable license
agreement, including, without limitation, that your use is for
the sole purpose of programming logic devices manufactured by
Intel and sold by Intel or its authorized distributors.  Please
refer to the applicable agreement for further details, at
https://fpgasoftware.intel.com/eula.



+----------------------------------------------------------------------------------+
; Analysis & Synthesis Summary                                                     ;
+------------------------------------+---------------------------------------------+
; Analysis & Synthesis Status        ; Failed - Wed Jun 17 15:00:37 2026           ;
; Quartus Prime Version              ; 20.1.1 Build 720 11/11/2020 SJ Lite Edition ;
; Revision Name                      ; bomb_game                                   ;
; Top-level Entity Name              ; test                                        ;
; Family                             ; Cyclone IV E                                ;
; Total logic elements               ; N/A until Partition Merge                   ;
;     Total combinational functions  ; N/A until Partition Merge                   ;
;     Dedicated logic registers      ; N/A until Partition Merge                   ;
; Total registers                    ; N/A until Partition Merge                   ;
; Total pins                         ; N/A until Partition Merge                   ;
; Total virtual pins                 ; N/A until Partition Merge                   ;
; Total memory bits                  ; N/A until Partition Merge                   ;
; Embedded Multiplier 9-bit elements ; N/A until Partition Merge                   ;
; Total PLLs                         ; N/A until Partition Merge                   ;
+------------------------------------+---------------------------------------------+


+------------------------------------------------------------------------------------------------------------+
; Analysis & Synthesis Settings                                                                              ;
+------------------------------------------------------------------+--------------------+--------------------+
; Option                                                           ; Setting            ; Default Value      ;
+------------------------------------------------------------------+--------------------+--------------------+
; Device                                                           ; EP4CE6E22C8        ;                    ;
; Top-level entity name                                            ; test               ; bomb_game          ;
; Family name                                                      ; Cyclone IV E       ; Cyclone V          ;
; Use smart compilation                                            ; Off                ; Off                ;
; Enable parallel Assembler and Timing Analyzer during compilation ; On                 ; On                 ;
; Enable compact report table                                      ; Off                ; Off                ;
; Restructure Multiplexers                                         ; Auto               ; Auto               ;
; Create Debugging Nodes for IP Cores                              ; Off                ; Off                ;
; Preserve fewer node names                                        ; On                 ; On                 ;
; Intel FPGA IP Evaluation Mode                                    ; Enable             ; Enable             ;
; Verilog Version                                                  ; Verilog_2001       ; Verilog_2001       ;
; VHDL Version                                                     ; VHDL_1993          ; VHDL_1993          ;
; State Machine Processing                                         ; Auto               ; Auto               ;
; Safe State Machine                                               ; Off                ; Off                ;
; Extract Verilog State Machines                                   ; On                 ; On                 ;
; Extract VHDL State Machines                                      ; On                 ; On                 ;
; Ignore Verilog initial constructs                                ; Off                ; Off                ;
; Iteration limit for constant Verilog loops                       ; 5000               ; 5000               ;
; Iteration limit for non-constant Verilog loops                   ; 250                ; 250                ;
; Add Pass-Through Logic to Inferred RAMs                          ; On                 ; On                 ;
; Infer RAMs from Raw Logic                                        ; On                 ; On                 ;
; Parallel Synthesis                                               ; On                 ; On                 ;
; DSP Block Balancing                                              ; Auto               ; Auto               ;
; NOT Gate Push-Back                                               ; On                 ; On                 ;
; Power-Up Don't Care                                              ; On                 ; On                 ;
; Remove Redundant Logic Cells                                     ; Off                ; Off                ;
; Remove Duplicate Registers                                       ; On                 ; On                 ;
; Ignore CARRY Buffers                                             ; Off                ; Off                ;
; Ignore CASCADE Buffers                                           ; Off                ; Off                ;
; Ignore GLOBAL Buffers                                            ; Off                ; Off                ;
; Ignore ROW GLOBAL Buffers                                        ; Off                ; Off                ;
; Ignore LCELL Buffers                                             ; Off                ; Off                ;
; Ignore SOFT Buffers                                              ; On                 ; On                 ;
; Limit AHDL Integers to 32 Bits                                   ; Off                ; Off                ;
; Optimization Technique                                           ; Balanced           ; Balanced           ;
; Carry Chain Length                                               ; 70                 ; 70                 ;
; Auto Carry Chains                                                ; On                 ; On                 ;
; Auto Open-Drain Pins                                             ; On                 ; On                 ;
; Perform WYSIWYG Primitive Resynthesis                            ; Off                ; Off                ;
; Auto ROM Replacement                                             ; On                 ; On                 ;
; Auto RAM Replacement                                             ; On                 ; On                 ;
; Auto DSP Block Replacement                                       ; On                 ; On                 ;
; Auto Shift Register Replacement                                  ; Auto               ; Auto               ;
; Allow Shift Register Merging across Hierarchies                  ; Auto               ; Auto               ;
; Auto Clock Enable Replacement                                    ; On                 ; On                 ;
; Strict RAM Replacement                                           ; Off                ; Off                ;
; Allow Synchronous Control Signals                                ; On                 ; On                 ;
; Force Use of Synchronous Clear Signals                           ; Off                ; Off                ;
; Auto RAM Block Balancing                                         ; On                 ; On                 ;
; Auto RAM to Logic Cell Conversion                                ; Off                ; Off                ;
; Auto Resource Sharing                                            ; Off                ; Off                ;
; Allow Any RAM Size For Recognition                               ; Off                ; Off                ;
; Allow Any ROM Size For Recognition                               ; Off                ; Off                ;
; Allow Any Shift Register Size For Recognition                    ; Off                ; Off                ;
; Use LogicLock Constraints during Resource Balancing              ; On                 ; On                 ;
; Ignore translate_off and synthesis_off directives                ; Off                ; Off                ;
; Timing-Driven Synthesis                                          ; On                 ; On                 ;
; Report Parameter Settings                                        ; On                 ; On                 ;
; Report Source Assignments                                        ; On                 ; On                 ;
; Report Connectivity Checks                                       ; On                 ; On                 ;
; Ignore Maximum Fan-Out Assignments                               ; Off                ; Off                ;
; Synchronization Register Chain Length                            ; 2                  ; 2                  ;
; Power Optimization During Synthesis                              ; Normal compilation ; Normal compilation ;
; HDL message level                                                ; Level2             ; Level2             ;
; Suppress Register Optimization Related Messages                  ; Off                ; Off                ;
; Number of Removed Registers Reported in Synthesis Report         ; 5000               ; 5000               ;
; Number of Swept Nodes Reported in Synthesis Report               ; 5000               ; 5000               ;
; Number of Inverted Registers Reported in Synthesis Report        ; 100                ; 100                ;
; Clock MUX Protection                                             ; On                 ; On                 ;
; Auto Gated Clock Conversion                                      ; Off                ; Off                ;
; Block Design Naming                                              ; Auto               ; Auto               ;
; SDC constraint protection                                        ; Off                ; Off                ;
; Synthesis Effort                                                 ; Auto               ; Auto               ;
; Shift Register Replacement - Allow Asynchronous Clear Signal     ; On                 ; On                 ;
; Pre-Mapping Resynthesis Optimization                             ; Off                ; Off                ;
; Analysis & Synthesis Message Level                               ; Medium             ; Medium             ;
; Disable Register Merging Across Hierarchies                      ; Auto               ; Auto               ;
; Resource Aware Inference For Block RAM                           ; On                 ; On                 ;
+------------------------------------------------------------------+--------------------+--------------------+


+------------------------------------------+
; Parallel Compilation                     ;
+----------------------------+-------------+
; Processors                 ; Number      ;
+----------------------------+-------------+
; Number detected on machine ; 8           ;
; Maximum allowed            ; 4           ;
;                            ;             ;
; Average used               ; 1.00        ;
; Maximum used               ; 1           ;
;                            ;             ;
; Usage by Processor         ; % Time Used ;
;     Processor 1            ; 100.0%      ;
+----------------------------+-------------+


+-------------------------------+
; Analysis & Synthesis Messages ;
+-------------------------------+
Info: *******************************************************************
Info: Running Quartus Prime Analysis & Synthesis
    Info: Version 20.1.1 Build 720 11/11/2020 SJ Lite Edition
    Info: Processing started: Wed Jun 17 15:00:32 2026
Info: Command: quartus_map --read_settings_files=on --write_settings_files=off bomb_game -c bomb_game
Warning (18236): Number of processors has not been specified which may cause overloading on shared machines.  Set the global assignment NUM_PARALLEL_PROCESSORS in your QSF to an appropriate value for best performance.
Info (20030): Parallel compilation is enabled and will use 4 of the 4 processors detected
Info (12021): Found 1 design units, including 1 entities, in source file tests/test.bdf
    Info (12023): Found entity 1: test
Info (12021): Found 2 design units, including 1 entities, in source file src/Utils/timer_counter.vhd
    Info (12022): Found design unit 1: timer_counter-bhv File: /home/joao/Documentos/UFPE/EleDig/Projetos/bomb_game/src/Utils/timer_counter.vhd Line: 18
    Info (12023): Found entity 1: timer_counter File: /home/joao/Documentos/UFPE/EleDig/Projetos/bomb_game/src/Utils/timer_counter.vhd Line: 5
Info (12021): Found 2 design units, including 1 entities, in source file src/Utils/timer.vhd
    Info (12022): Found design unit 1: timer-sem_rearme File: /home/joao/Documentos/UFPE/EleDig/Projetos/bomb_game/src/Utils/timer.vhd Line: 15
    Info (12023): Found entity 1: timer File: /home/joao/Documentos/UFPE/EleDig/Projetos/bomb_game/src/Utils/timer.vhd Line: 5
Info (12021): Found 2 design units, including 1 entities, in source file src/Utils/debounce.vhd
    Info (12022): Found design unit 1: debounce-Behavioral File: /home/joao/Documentos/UFPE/EleDig/Projetos/bomb_game/src/Utils/debounce.vhd Line: 14
    Info (12023): Found entity 1: debounce File: /home/joao/Documentos/UFPE/EleDig/Projetos/bomb_game/src/Utils/debounce.vhd Line: 5
Info (12021): Found 2 design units, including 1 entities, in source file src/Utils/clock_divider.vhd
    Info (12022): Found design unit 1: clock_divider-clock File: /home/joao/Documentos/UFPE/EleDig/Projetos/bomb_game/src/Utils/clock_divider.vhd Line: 13
    Info (12023): Found entity 1: clock_divider File: /home/joao/Documentos/UFPE/EleDig/Projetos/bomb_game/src/Utils/clock_divider.vhd Line: 5
Info (12021): Found 2 design units, including 0 entities, in source file src/LCD/lcd_vhdl_package.vhd
    Info (12022): Found design unit 1: lcd_vhdl_package File: /home/joao/Documentos/UFPE/EleDig/Projetos/bomb_game/src/LCD/lcd_vhdl_package.vhd Line: 5
    Info (12022): Found design unit 2: lcd_vhdl_package-body File: /home/joao/Documentos/UFPE/EleDig/Projetos/bomb_game/src/LCD/lcd_vhdl_package.vhd Line: 42
Info (12021): Found 2 design units, including 1 entities, in source file src/LCD/lcd_logic.vhd
    Info (12022): Found design unit 1: lcd_logic-bhv File: /home/joao/Documentos/UFPE/EleDig/Projetos/bomb_game/src/LCD/lcd_logic.vhd Line: 31
    Info (12023): Found entity 1: lcd_logic File: /home/joao/Documentos/UFPE/EleDig/Projetos/bomb_game/src/LCD/lcd_logic.vhd Line: 5
Info (12021): Found 2 design units, including 1 entities, in source file src/LCD/lcd_controller.vhd
    Info (12022): Found design unit 1: lcd_controller-bhv File: /home/joao/Documentos/UFPE/EleDig/Projetos/bomb_game/src/LCD/lcd_controller.vhd Line: 27
    Info (12023): Found entity 1: lcd_controller File: /home/joao/Documentos/UFPE/EleDig/Projetos/bomb_game/src/LCD/lcd_controller.vhd Line: 4
Info (12021): Found 1 design units, including 0 entities, in source file src/Buzzer/music_pkg.vhd
    Info (12022): Found design unit 1: music_pkg File: /home/joao/Documentos/UFPE/EleDig/Projetos/bomb_game/src/Buzzer/music_pkg.vhd Line: 4
Info (12021): Found 2 design units, including 1 entities, in source file src/Buzzer/music_controller.vhd
    Info (12022): Found design unit 1: music_controller-arc File: /home/joao/Documentos/UFPE/EleDig/Projetos/bomb_game/src/Buzzer/music_controller.vhd Line: 17
    Info (12023): Found entity 1: music_controller File: /home/joao/Documentos/UFPE/EleDig/Projetos/bomb_game/src/Buzzer/music_controller.vhd Line: 5
Info (12021): Found 2 design units, including 1 entities, in source file src/Buzzer/music.vhd
    Info (12022): Found design unit 1: music-player File: /home/joao/Documentos/UFPE/EleDig/Projetos/bomb_game/src/Buzzer/music.vhd Line: 18
    Info (12023): Found entity 1: music File: /home/joao/Documentos/UFPE/EleDig/Projetos/bomb_game/src/Buzzer/music.vhd Line: 4
Info (12021): Found 1 design units, including 1 entities, in source file src/IR/ir.v
    Info (12023): Found entity 1: ir_verilog File: /home/joao/Documentos/UFPE/EleDig/Projetos/bomb_game/src/IR/ir.v Line: 8
Info (12021): Found 1 design units, including 1 entities, in source file src/top.v
    Info (12023): Found entity 1: top File: /home/joao/Documentos/UFPE/EleDig/Projetos/bomb_game/src/top.v Line: 1
Info (12127): Elaborating entity "test" for the top level hierarchy
Info (12128): Elaborating entity "lcd_controller" for hierarchy "lcd_controller:inst2"
Info (12128): Elaborating entity "lcd_logic" for hierarchy "lcd_logic:inst1"
Info (12128): Elaborating entity "top" for hierarchy "top:inst"
Info (12128): Elaborating entity "ir_verilog" for hierarchy "top:inst|ir_verilog:ir_verilog_inst" File: /home/joao/Documentos/UFPE/EleDig/Projetos/bomb_game/src/top.v Line: 19
Warning (10036): Verilog HDL or VHDL warning at ir.v(18): object "led1" assigned a value but never read File: /home/joao/Documentos/UFPE/EleDig/Projetos/bomb_game/src/IR/ir.v Line: 18
Warning (10036): Verilog HDL or VHDL warning at ir.v(18): object "led3" assigned a value but never read File: /home/joao/Documentos/UFPE/EleDig/Projetos/bomb_game/src/IR/ir.v Line: 18
Warning (10036): Verilog HDL or VHDL warning at ir.v(18): object "led4" assigned a value but never read File: /home/joao/Documentos/UFPE/EleDig/Projetos/bomb_game/src/IR/ir.v Line: 18
Warning (10036): Verilog HDL or VHDL warning at ir.v(19): object "irda_data" assigned a value but never read File: /home/joao/Documentos/UFPE/EleDig/Projetos/bomb_game/src/IR/ir.v Line: 19
Warning (10235): Verilog HDL Always Construct warning at ir.v(226): variable "select" is read inside the Always Construct but isn't in the Always Construct's Event Control File: /home/joao/Documentos/UFPE/EleDig/Projetos/bomb_game/src/IR/ir.v Line: 226
Warning (10235): Verilog HDL Always Construct warning at ir.v(229): variable "select" is read inside the Always Construct but isn't in the Always Construct's Event Control File: /home/joao/Documentos/UFPE/EleDig/Projetos/bomb_game/src/IR/ir.v Line: 229
Warning (10230): Verilog HDL assignment warning at ir.v(229): truncated value with size 32 to match size of target (2) File: /home/joao/Documentos/UFPE/EleDig/Projetos/bomb_game/src/IR/ir.v Line: 229
Warning (10235): Verilog HDL Always Construct warning at ir.v(234): variable "select" is read inside the Always Construct but isn't in the Always Construct's Event Control File: /home/joao/Documentos/UFPE/EleDig/Projetos/bomb_game/src/IR/ir.v Line: 234
Warning (10235): Verilog HDL Always Construct warning at ir.v(237): variable "select" is read inside the Always Construct but isn't in the Always Construct's Event Control File: /home/joao/Documentos/UFPE/EleDig/Projetos/bomb_game/src/IR/ir.v Line: 237
Warning (10230): Verilog HDL assignment warning at ir.v(237): truncated value with size 32 to match size of target (2) File: /home/joao/Documentos/UFPE/EleDig/Projetos/bomb_game/src/IR/ir.v Line: 237
Warning (10240): Verilog HDL Always Construct warning at ir.v(198): inferring latch(es) for variable "state", which holds its previous value in one or more paths through the always construct File: /home/joao/Documentos/UFPE/EleDig/Projetos/bomb_game/src/IR/ir.v Line: 198
Warning (10240): Verilog HDL Always Construct warning at ir.v(198): inferring latch(es) for variable "select", which holds its previous value in one or more paths through the always construct File: /home/joao/Documentos/UFPE/EleDig/Projetos/bomb_game/src/IR/ir.v Line: 198
Warning (10034): Output port "led_cs" at ir.v(13) has no driver File: /home/joao/Documentos/UFPE/EleDig/Projetos/bomb_game/src/IR/ir.v Line: 13
Info (10041): Inferred latch for "select[0]" at ir.v(198) File: /home/joao/Documentos/UFPE/EleDig/Projetos/bomb_game/src/IR/ir.v Line: 198
Info (10041): Inferred latch for "select[1]" at ir.v(198) File: /home/joao/Documentos/UFPE/EleDig/Projetos/bomb_game/src/IR/ir.v Line: 198
Info (10041): Inferred latch for "state[0]" at ir.v(198) File: /home/joao/Documentos/UFPE/EleDig/Projetos/bomb_game/src/IR/ir.v Line: 198
Info (10041): Inferred latch for "state[1]" at ir.v(198) File: /home/joao/Documentos/UFPE/EleDig/Projetos/bomb_game/src/IR/ir.v Line: 198
Error (10028): Can't resolve multiple constant drivers for net "led2[7]" at ir.v(198) File: /home/joao/Documentos/UFPE/EleDig/Projetos/bomb_game/src/IR/ir.v Line: 198
Error (10029): Constant driver at ir.v(186) File: /home/joao/Documentos/UFPE/EleDig/Projetos/bomb_game/src/IR/ir.v Line: 186
Error (10028): Can't resolve multiple constant drivers for net "led2[6]" at ir.v(198) File: /home/joao/Documentos/UFPE/EleDig/Projetos/bomb_game/src/IR/ir.v Line: 198
Error (10028): Can't resolve multiple constant drivers for net "led2[5]" at ir.v(198) File: /home/joao/Documentos/UFPE/EleDig/Projetos/bomb_game/src/IR/ir.v Line: 198
Error (10028): Can't resolve multiple constant drivers for net "led2[4]" at ir.v(198) File: /home/joao/Documentos/UFPE/EleDig/Projetos/bomb_game/src/IR/ir.v Line: 198
Error (10028): Can't resolve multiple constant drivers for net "led2[3]" at ir.v(198) File: /home/joao/Documentos/UFPE/EleDig/Projetos/bomb_game/src/IR/ir.v Line: 198
Error (10028): Can't resolve multiple constant drivers for net "led2[2]" at ir.v(198) File: /home/joao/Documentos/UFPE/EleDig/Projetos/bomb_game/src/IR/ir.v Line: 198
Error (10028): Can't resolve multiple constant drivers for net "led2[1]" at ir.v(198) File: /home/joao/Documentos/UFPE/EleDig/Projetos/bomb_game/src/IR/ir.v Line: 198
Error (10028): Can't resolve multiple constant drivers for net "led2[0]" at ir.v(198) File: /home/joao/Documentos/UFPE/EleDig/Projetos/bomb_game/src/IR/ir.v Line: 198
Error (12152): Can't elaborate user hierarchy "top:inst|ir_verilog:ir_verilog_inst" File: /home/joao/Documentos/UFPE/EleDig/Projetos/bomb_game/src/top.v Line: 19
Error: Quartus Prime Analysis & Synthesis was unsuccessful. 10 errors, 14 warnings
    Error: Peak virtual memory: 413 megabytes
    Error: Processing ended: Wed Jun 17 15:00:37 2026
    Error: Elapsed time: 00:00:05
    Error: Total CPU time (on all processors): 00:00:14


